-- Attaching packages --------------------------------------- tidyverse 1.3.0 --
v ggplot2 3.3.0     v purrr   0.3.3
v tibble  2.1.3     v dplyr   0.8.5
v tidyr   1.0.2     v stringr 1.4.0
v readr   1.3.1     v forcats 0.5.0
-- Conflicts ------------------------------------------ tidyverse_conflicts() --
x dplyr::filter() masks stats::filter()
x dplyr::lag()    masks stats::lag()
Loading required package: xml2

Attaching package: 'rvest'

The following object is masked from 'package:purrr':

    pluck

The following object is masked from 'package:readr':

    guess_encoding


Attaching package: 'lubridate'

The following object is masked from 'package:base':

    date

Parsed with column specification:
cols(
  scraped_waittimes = col_character(),
  hospital_webpage = col_character(),
  total_minutes = col_double(),
  read_timestamp = col_datetime(format = ""),
  site_labels = col_character()
)
[1] "Scraped ER wait times at: 2020-03-12 22:31:05"
-- Attaching packages --------------------------------------- tidyverse 1.3.0 --
v ggplot2 3.3.0     v purrr   0.3.3
v tibble  2.1.3     v dplyr   0.8.5
v tidyr   1.0.2     v stringr 1.4.0
v readr   1.3.1     v forcats 0.5.0
-- Conflicts ------------------------------------------ tidyverse_conflicts() --
x dplyr::filter() masks stats::filter()
x dplyr::lag()    masks stats::lag()
Loading required package: xml2

Attaching package: 'rvest'

The following object is masked from 'package:purrr':

    pluck

The following object is masked from 'package:readr':

    guess_encoding


Attaching package: 'lubridate'

The following object is masked from 'package:base':

    date

Parsed with column specification:
cols(
  scraped_waittimes = col_character(),
  hospital_webpage = col_character(),
  total_minutes = col_double(),
  read_timestamp = col_datetime(format = ""),
  site_labels = col_character()
)
[1] "Scraped ER wait times at: 2020-03-13 09:05:05"
-- Attaching packages --------------------------------------- tidyverse 1.3.0 --
v ggplot2 3.3.0     v purrr   0.3.3
v tibble  2.1.3     v dplyr   0.8.5
v tidyr   1.0.2     v stringr 1.4.0
v readr   1.3.1     v forcats 0.5.0
-- Conflicts ------------------------------------------ tidyverse_conflicts() --
x dplyr::filter() masks stats::filter()
x dplyr::lag()    masks stats::lag()
Loading required package: xml2

Attaching package: 'rvest'

The following object is masked from 'package:purrr':

    pluck

The following object is masked from 'package:readr':

    guess_encoding


Attaching package: 'lubridate'

The following object is masked from 'package:base':

    date

Parsed with column specification:
cols(
  scraped_waittimes = col_character(),
  hospital_webpage = col_character(),
  total_minutes = col_double(),
  read_timestamp = col_datetime(format = ""),
  site_labels = col_character()
)
Error: object 'fairview_park_labels' not found
Execution halted
-- Attaching packages --------------------------------------- tidyverse 1.3.0 --
v ggplot2 3.3.0     v purrr   0.3.3
v tibble  2.1.3     v dplyr   0.8.5
v tidyr   1.0.2     v stringr 1.4.0
v readr   1.3.1     v forcats 0.5.0
-- Conflicts ------------------------------------------ tidyverse_conflicts() --
x dplyr::filter() masks stats::filter()
x dplyr::lag()    masks stats::lag()
Loading required package: xml2

Attaching package: 'rvest'

The following object is masked from 'package:purrr':

    pluck

The following object is masked from 'package:readr':

    guess_encoding


Attaching package: 'lubridate'

The following object is masked from 'package:base':

    date

Parsed with column specification:
cols(
  scraped_waittimes = col_character(),
  hospital_webpage = col_character(),
  total_minutes = col_double(),
  read_timestamp = col_datetime(format = ""),
  site_labels = col_character()
)
Error: object 'fairview_park_labels' not found
Execution halted
-- Attaching packages --------------------------------------- tidyverse 1.3.0 --
v ggplot2 3.3.0     v purrr   0.3.3
v tibble  2.1.3     v dplyr   0.8.5
v tidyr   1.0.2     v stringr 1.4.0
v readr   1.3.1     v forcats 0.5.0
-- Conflicts ------------------------------------------ tidyverse_conflicts() --
x dplyr::filter() masks stats::filter()
x dplyr::lag()    masks stats::lag()
Loading required package: xml2

Attaching package: 'rvest'

The following object is masked from 'package:purrr':

    pluck

The following object is masked from 'package:readr':

    guess_encoding


Attaching package: 'lubridate'

The following object is masked from 'package:base':

    date

Parsed with column specification:
cols(
  scraped_waittimes = col_character(),
  hospital_webpage = col_character(),
  total_minutes = col_double(),
  read_timestamp = col_datetime(format = ""),
  site_labels = col_character()
)
Error: object 'fairview_park_labels' not found
Execution halted
-- Attaching packages --------------------------------------- tidyverse 1.3.0 --
v ggplot2 3.3.0     v purrr   0.3.3
v tibble  2.1.3     v dplyr   0.8.5
v tidyr   1.0.2     v stringr 1.4.0
v readr   1.3.1     v forcats 0.5.0
-- Conflicts ------------------------------------------ tidyverse_conflicts() --
x dplyr::filter() masks stats::filter()
x dplyr::lag()    masks stats::lag()
Loading required package: xml2

Attaching package: 'rvest'

The following object is masked from 'package:purrr':

    pluck

The following object is masked from 'package:readr':

    guess_encoding


Attaching package: 'lubridate'

The following object is masked from 'package:base':

    date

Parsed with column specification:
cols(
  scraped_waittimes = col_character(),
  hospital_webpage = col_character(),
  total_minutes = col_double(),
  read_timestamp = col_datetime(format = ""),
  site_labels = col_character()
)
Error: object 'fairview_park_labels' not found
Execution halted
-- Attaching packages --------------------------------------- tidyverse 1.3.0 --
v ggplot2 3.3.0     v purrr   0.3.3
v tibble  2.1.3     v dplyr   0.8.5
v tidyr   1.0.2     v stringr 1.4.0
v readr   1.3.1     v forcats 0.5.0
-- Conflicts ------------------------------------------ tidyverse_conflicts() --
x dplyr::filter() masks stats::filter()
x dplyr::lag()    masks stats::lag()
Loading required package: xml2

Attaching package: 'rvest'

The following object is masked from 'package:purrr':

    pluck

The following object is masked from 'package:readr':

    guess_encoding


Attaching package: 'lubridate'

The following object is masked from 'package:base':

    date

Parsed with column specification:
cols(
  scraped_waittimes = col_character(),
  hospital_webpage = col_character(),
  total_minutes = col_double(),
  read_timestamp = col_datetime(format = ""),
  site_labels = col_character()
)
Error: object 'fairview_park_labels' not found
Execution halted
-- Attaching packages --------------------------------------- tidyverse 1.3.0 --
v ggplot2 3.3.0     v purrr   0.3.3
v tibble  2.1.3     v dplyr   0.8.5
v tidyr   1.0.2     v stringr 1.4.0
v readr   1.3.1     v forcats 0.5.0
-- Conflicts ------------------------------------------ tidyverse_conflicts() --
x dplyr::filter() masks stats::filter()
x dplyr::lag()    masks stats::lag()
Loading required package: xml2

Attaching package: 'rvest'

The following object is masked from 'package:purrr':

    pluck

The following object is masked from 'package:readr':

    guess_encoding


Attaching package: 'lubridate'

The following object is masked from 'package:base':

    date

Parsed with column specification:
cols(
  scraped_waittimes = col_character(),
  hospital_webpage = col_character(),
  total_minutes = col_double(),
  read_timestamp = col_datetime(format = ""),
  site_labels = col_character()
)
Error: object 'fairview_park_labels' not found
Execution halted
